{"/home/gabriel/Projects/semana-js-expert-spotify/server/config.js": {"path":"/home/gabriel/Projects/semana-js-expert-spotify/server/config.js","statementMap":{"0":{"start":{"line":4,"column":19},"end":{"line":4,"column":58}},"1":{"start":{"line":5,"column":13},"end":{"line":5,"column":36}},"2":{"start":{"line":7,"column":23},"end":{"line":7,"column":42}},"3":{"start":{"line":8,"column":24},"end":{"line":8,"column":44}}},"fnMap":{},"branchMap":{"0":{"loc":{"start":{"line":11,"column":8},"end":{"line":11,"column":32}},"type":"binary-expr","locations":[{"start":{"line":11,"column":8},"end":{"line":11,"column":24}},{"start":{"line":11,"column":28},"end":{"line":11,"column":32}}],"line":11}},"s":{"0":1,"1":1,"2":1,"3":1},"f":{},"b":{"0":[1,1]},"_coverageSchema":"1a1c01bbd47fc00a2c39e90264f33305004495a9","hash":"2f09e3bed739ff9bbb4fc1f1982f70198d4d8e99"}
,"/home/gabriel/Projects/semana-js-expert-spotify/server/controller.js": {"path":"/home/gabriel/Projects/semana-js-expert-spotify/server/controller.js","statementMap":{"0":{"start":{"line":5,"column":4},"end":{"line":5,"column":33}},"1":{"start":{"line":9,"column":4},"end":{"line":9,"column":48}}},"fnMap":{"0":{"name":"(anonymous_0)","decl":{"start":{"line":4,"column":2},"end":{"line":4,"column":3}},"loc":{"start":{"line":4,"column":16},"end":{"line":6,"column":3}},"line":4},"1":{"name":"(anonymous_1)","decl":{"start":{"line":8,"column":2},"end":{"line":8,"column":3}},"loc":{"start":{"line":8,"column":32},"end":{"line":10,"column":3}},"line":8}},"branchMap":{},"s":{"0":1,"1":0},"f":{"0":1,"1":0},"b":{},"_coverageSchema":"1a1c01bbd47fc00a2c39e90264f33305004495a9","hash":"63056387844db854b77c588015f8a719ed538358"}
,"/home/gabriel/Projects/semana-js-expert-spotify/server/routes.js": {"path":"/home/gabriel/Projects/semana-js-expert-spotify/server/routes.js","statementMap":{"0":{"start":{"line":14,"column":4},"end":{"line":14,"column":10}},"1":{"start":{"line":16,"column":19},"end":{"line":16,"column":35}},"2":{"start":{"line":19,"column":26},"end":{"line":19,"column":33}},"3":{"start":{"line":21,"column":2},"end":{"line":27,"column":3}},"4":{"start":{"line":22,"column":4},"end":{"line":24,"column":7}},"5":{"start":{"line":26,"column":4},"end":{"line":26,"column":26}},"6":{"start":{"line":29,"column":2},"end":{"line":37,"column":3}},"7":{"start":{"line":30,"column":29},"end":{"line":30,"column":69}},"8":{"start":{"line":32,"column":4},"end":{"line":34,"column":7}},"9":{"start":{"line":36,"column":4},"end":{"line":36,"column":33}},"10":{"start":{"line":39,"column":2},"end":{"line":47,"column":3}},"11":{"start":{"line":40,"column":29},"end":{"line":40,"column":75}},"12":{"start":{"line":42,"column":4},"end":{"line":44,"column":7}},"13":{"start":{"line":46,"column":4},"end":{"line":46,"column":33}},"14":{"start":{"line":49,"column":2},"end":{"line":61,"column":3}},"15":{"start":{"line":50,"column":29},"end":{"line":50,"column":64}},"16":{"start":{"line":52,"column":24},"end":{"line":52,"column":42}},"17":{"start":{"line":54,"column":4},"end":{"line":58,"column":5}},"18":{"start":{"line":55,"column":6},"end":{"line":57,"column":8}},"19":{"start":{"line":60,"column":4},"end":{"line":60,"column":33}},"20":{"start":{"line":63,"column":2},"end":{"line":63,"column":26}},"21":{"start":{"line":65,"column":2},"end":{"line":65,"column":24}},"22":{"start":{"line":70,"column":2},"end":{"line":76,"column":3}},"23":{"start":{"line":71,"column":4},"end":{"line":71,"column":51}},"24":{"start":{"line":73,"column":4},"end":{"line":73,"column":28}},"25":{"start":{"line":75,"column":4},"end":{"line":75,"column":26}},"26":{"start":{"line":78,"column":2},"end":{"line":78,"column":54}},"27":{"start":{"line":80,"column":2},"end":{"line":80,"column":26}},"28":{"start":{"line":82,"column":2},"end":{"line":82,"column":24}},"29":{"start":{"line":86,"column":2},"end":{"line":87,"column":50}},"30":{"start":{"line":87,"column":20},"end":{"line":87,"column":48}}},"fnMap":{"0":{"name":"routes","decl":{"start":{"line":18,"column":15},"end":{"line":18,"column":21}},"loc":{"start":{"line":18,"column":41},"end":{"line":66,"column":1}},"line":18},"1":{"name":"handleError","decl":{"start":{"line":68,"column":9},"end":{"line":68,"column":20}},"loc":{"start":{"line":68,"column":38},"end":{"line":83,"column":1}},"line":68},"2":{"name":"handler","decl":{"start":{"line":85,"column":16},"end":{"line":85,"column":23}},"loc":{"start":{"line":85,"column":43},"end":{"line":88,"column":1}},"line":85},"3":{"name":"(anonymous_3)","decl":{"start":{"line":87,"column":11},"end":{"line":87,"column":12}},"loc":{"start":{"line":87,"column":20},"end":{"line":87,"column":48}},"line":87}},"branchMap":{"0":{"loc":{"start":{"line":21,"column":2},"end":{"line":27,"column":3}},"type":"if","locations":[{"start":{"line":21,"column":2},"end":{"line":27,"column":3}},{"start":{},"end":{}}],"line":21},"1":{"loc":{"start":{"line":21,"column":6},"end":{"line":21,"column":37}},"type":"binary-expr","locations":[{"start":{"line":21,"column":6},"end":{"line":21,"column":22}},{"start":{"line":21,"column":26},"end":{"line":21,"column":37}}],"line":21},"2":{"loc":{"start":{"line":29,"column":2},"end":{"line":37,"column":3}},"type":"if","locations":[{"start":{"line":29,"column":2},"end":{"line":37,"column":3}},{"start":{},"end":{}}],"line":29},"3":{"loc":{"start":{"line":29,"column":6},"end":{"line":29,"column":41}},"type":"binary-expr","locations":[{"start":{"line":29,"column":6},"end":{"line":29,"column":22}},{"start":{"line":29,"column":26},"end":{"line":29,"column":41}}],"line":29},"4":{"loc":{"start":{"line":39,"column":2},"end":{"line":47,"column":3}},"type":"if","locations":[{"start":{"line":39,"column":2},"end":{"line":47,"column":3}},{"start":{},"end":{}}],"line":39},"5":{"loc":{"start":{"line":39,"column":6},"end":{"line":39,"column":47}},"type":"binary-expr","locations":[{"start":{"line":39,"column":6},"end":{"line":39,"column":22}},{"start":{"line":39,"column":26},"end":{"line":39,"column":47}}],"line":39},"6":{"loc":{"start":{"line":49,"column":2},"end":{"line":61,"column":3}},"type":"if","locations":[{"start":{"line":49,"column":2},"end":{"line":61,"column":3}},{"start":{},"end":{}}],"line":49},"7":{"loc":{"start":{"line":54,"column":4},"end":{"line":58,"column":5}},"type":"if","locations":[{"start":{"line":54,"column":4},"end":{"line":58,"column":5}},{"start":{},"end":{}}],"line":54},"8":{"loc":{"start":{"line":70,"column":2},"end":{"line":76,"column":3}},"type":"if","locations":[{"start":{"line":70,"column":2},"end":{"line":76,"column":3}},{"start":{},"end":{}}],"line":70}},"s":{"0":1,"1":1,"2":8,"3":8,"4":1,"5":1,"6":7,"7":1,"8":1,"9":1,"10":6,"11":1,"12":1,"13":1,"14":5,"15":4,"16":2,"17":2,"18":1,"19":2,"20":1,"21":1,"22":2,"23":1,"24":1,"25":1,"26":1,"27":1,"28":1,"29":8,"30":2},"f":{"0":8,"1":2,"2":8,"3":2},"b":{"0":[1,7],"1":[8,7],"2":[1,6],"3":[7,6],"4":[1,5],"5":[6,5],"6":[4,1],"7":[1,1],"8":[1,1]},"_coverageSchema":"1a1c01bbd47fc00a2c39e90264f33305004495a9","hash":"73ae9049ecf348fab5df04da0317b80c83818f82"}
,"/home/gabriel/Projects/semana-js-expert-spotify/server/service.js": {"path":"/home/gabriel/Projects/semana-js-expert-spotify/server/service.js","statementMap":{"0":{"start":{"line":10,"column":4},"end":{"line":10,"column":10}},"1":{"start":{"line":14,"column":4},"end":{"line":14,"column":41}},"2":{"start":{"line":18,"column":25},"end":{"line":18,"column":52}},"3":{"start":{"line":19,"column":4},"end":{"line":19,"column":42}},"4":{"start":{"line":21,"column":21},"end":{"line":21,"column":42}},"5":{"start":{"line":23,"column":4},"end":{"line":26,"column":5}},"6":{"start":{"line":30,"column":27},"end":{"line":30,"column":55}},"7":{"start":{"line":31,"column":4},"end":{"line":34,"column":5}}},"fnMap":{"0":{"name":"(anonymous_0)","decl":{"start":{"line":13,"column":2},"end":{"line":13,"column":3}},"loc":{"start":{"line":13,"column":29},"end":{"line":15,"column":3}},"line":13},"1":{"name":"(anonymous_1)","decl":{"start":{"line":17,"column":2},"end":{"line":17,"column":3}},"loc":{"start":{"line":17,"column":26},"end":{"line":27,"column":3}},"line":17},"2":{"name":"(anonymous_2)","decl":{"start":{"line":29,"column":2},"end":{"line":29,"column":3}},"loc":{"start":{"line":29,"column":28},"end":{"line":35,"column":3}},"line":29}},"branchMap":{},"s":{"0":1,"1":0,"2":0,"3":0,"4":0,"5":0,"6":0,"7":0},"f":{"0":0,"1":0,"2":0},"b":{},"_coverageSchema":"1a1c01bbd47fc00a2c39e90264f33305004495a9","hash":"e1a40946871d0069c86f56e479f3b3906f03329e"}
,"/home/gabriel/Projects/semana-js-expert-spotify/server/utils.js": {"path":"/home/gabriel/Projects/semana-js-expert-spotify/server/utils.js","statementMap":{"0":{"start":{"line":3,"column":12},"end":{"line":11,"column":2}},"1":{"start":{"line":13,"column":22},"end":{"line":13,"column":25}}},"fnMap":{},"branchMap":{},"s":{"0":1,"1":1},"f":{},"b":{},"_coverageSchema":"1a1c01bbd47fc00a2c39e90264f33305004495a9","hash":"12fc3ae73791b0d8cc1989a8272921ba9bcbdebb"}
,"/home/gabriel/Projects/semana-js-expert-spotify/tests/unit/_util/testUtil.js": {"path":"/home/gabriel/Projects/semana-js-expert-spotify/tests/unit/_util/testUtil.js","statementMap":{"0":{"start":{"line":12,"column":4},"end":{"line":20,"column":6}},"1":{"start":{"line":14,"column":8},"end":{"line":16,"column":9}},"2":{"start":{"line":15,"column":10},"end":{"line":15,"column":25}},"3":{"start":{"line":18,"column":8},"end":{"line":18,"column":23}},"4":{"start":{"line":24,"column":4},"end":{"line":30,"column":6}},"5":{"start":{"line":26,"column":8},"end":{"line":26,"column":21}},"6":{"start":{"line":28,"column":8},"end":{"line":28,"column":23}},"7":{"start":{"line":34,"column":26},"end":{"line":34,"column":81}},"8":{"start":{"line":35,"column":21},"end":{"line":35,"column":62}},"9":{"start":{"line":36,"column":17},"end":{"line":46,"column":5}},"10":{"start":{"line":48,"column":4},"end":{"line":51,"column":5}},"11":{"start":{"line":49,"column":20},"end":{"line":49,"column":39}}},"fnMap":{"0":{"name":"(anonymous_0)","decl":{"start":{"line":11,"column":2},"end":{"line":11,"column":3}},"loc":{"start":{"line":11,"column":38},"end":{"line":21,"column":3}},"line":11},"1":{"name":"(anonymous_1)","decl":{"start":{"line":13,"column":6},"end":{"line":13,"column":7}},"loc":{"start":{"line":13,"column":13},"end":{"line":19,"column":7}},"line":13},"2":{"name":"(anonymous_2)","decl":{"start":{"line":23,"column":2},"end":{"line":23,"column":3}},"loc":{"start":{"line":23,"column":40},"end":{"line":31,"column":3}},"line":23},"3":{"name":"(anonymous_3)","decl":{"start":{"line":25,"column":6},"end":{"line":25,"column":7}},"loc":{"start":{"line":25,"column":28},"end":{"line":29,"column":7}},"line":25},"4":{"name":"(anonymous_4)","decl":{"start":{"line":33,"column":2},"end":{"line":33,"column":3}},"loc":{"start":{"line":33,"column":31},"end":{"line":52,"column":3}},"line":33},"5":{"name":"(anonymous_5)","decl":{"start":{"line":35,"column":53},"end":{"line":35,"column":54}},"loc":{"start":{"line":35,"column":59},"end":{"line":35,"column":61}},"line":35},"6":{"name":"(anonymous_6)","decl":{"start":{"line":49,"column":14},"end":{"line":49,"column":15}},"loc":{"start":{"line":49,"column":20},"end":{"line":49,"column":39}},"line":49}},"branchMap":{},"s":{"0":12,"1":0,"2":0,"3":0,"4":8,"5":0,"6":0,"7":8,"8":8,"9":8,"10":8,"11":8},"f":{"0":12,"1":0,"2":8,"3":0,"4":8,"5":0,"6":8},"b":{},"_coverageSchema":"1a1c01bbd47fc00a2c39e90264f33305004495a9","hash":"5a579aa1ebf997315f998cb70d270a9b070883fb"}
}
