{"/home/gabriel/Projects/semana-js-expert-spotify/public/controller/js/controller.js": {"path":"/home/gabriel/Projects/semana-js-expert-spotify/public/controller/js/controller.js","statementMap":{"0":{"start":{"line":3,"column":4},"end":{"line":3,"column":20}},"1":{"start":{"line":4,"column":4},"end":{"line":4,"column":26}},"2":{"start":{"line":8,"column":24},"end":{"line":8,"column":52}},"3":{"start":{"line":9,"column":4},"end":{"line":9,"column":23}},"4":{"start":{"line":11,"column":4},"end":{"line":11,"column":21}},"5":{"start":{"line":15,"column":4},"end":{"line":17,"column":6}},"6":{"start":{"line":21,"column":4},"end":{"line":21,"column":66}},"7":{"start":{"line":22,"column":4},"end":{"line":22,"column":22}}},"fnMap":{"0":{"name":"(anonymous_0)","decl":{"start":{"line":2,"column":2},"end":{"line":2,"column":3}},"loc":{"start":{"line":2,"column":33},"end":{"line":5,"column":3}},"line":2},"1":{"name":"(anonymous_1)","decl":{"start":{"line":7,"column":2},"end":{"line":7,"column":3}},"loc":{"start":{"line":7,"column":34},"end":{"line":12,"column":3}},"line":7},"2":{"name":"(anonymous_2)","decl":{"start":{"line":14,"column":2},"end":{"line":14,"column":3}},"loc":{"start":{"line":14,"column":30},"end":{"line":18,"column":3}},"line":14},"3":{"name":"(anonymous_3)","decl":{"start":{"line":20,"column":2},"end":{"line":20,"column":3}},"loc":{"start":{"line":20,"column":11},"end":{"line":23,"column":3}},"line":20}},"branchMap":{},"s":{"0":4,"1":4,"2":1,"3":1,"4":1,"5":1,"6":1,"7":1},"f":{"0":4,"1":1,"2":1,"3":1},"b":{},"_coverageSchema":"1a1c01bbd47fc00a2c39e90264f33305004495a9","hash":"919ed5138d334f09ad3009ec18556ae654680e62"}
,"/home/gabriel/Projects/semana-js-expert-spotify/public/controller/js/service.js": {"path":"/home/gabriel/Projects/semana-js-expert-spotify/public/controller/js/service.js","statementMap":{"0":{"start":{"line":3,"column":4},"end":{"line":3,"column":18}},"1":{"start":{"line":7,"column":19},"end":{"line":10,"column":6}},"2":{"start":{"line":12,"column":4},"end":{"line":12,"column":24}}},"fnMap":{"0":{"name":"(anonymous_0)","decl":{"start":{"line":2,"column":2},"end":{"line":2,"column":3}},"loc":{"start":{"line":2,"column":23},"end":{"line":4,"column":3}},"line":2},"1":{"name":"(anonymous_1)","decl":{"start":{"line":6,"column":2},"end":{"line":6,"column":3}},"loc":{"start":{"line":6,"column":26},"end":{"line":13,"column":3}},"line":6}},"branchMap":{},"s":{"0":1,"1":1,"2":1},"f":{"0":1,"1":1},"b":{},"_coverageSchema":"1a1c01bbd47fc00a2c39e90264f33305004495a9","hash":"30663b125ff8f9ef0a6aefa111e8d5f82814b21a"}
,"/home/gabriel/Projects/semana-js-expert-spotify/server/config.js": {"path":"/home/gabriel/Projects/semana-js-expert-spotify/server/config.js","statementMap":{"0":{"start":{"line":4,"column":19},"end":{"line":4,"column":58}},"1":{"start":{"line":5,"column":13},"end":{"line":5,"column":36}},"2":{"start":{"line":7,"column":23},"end":{"line":7,"column":42}},"3":{"start":{"line":8,"column":24},"end":{"line":8,"column":44}},"4":{"start":{"line":9,"column":23},"end":{"line":9,"column":52}}},"fnMap":{},"branchMap":{"0":{"loc":{"start":{"line":12,"column":8},"end":{"line":12,"column":32}},"type":"binary-expr","locations":[{"start":{"line":12,"column":8},"end":{"line":12,"column":24}},{"start":{"line":12,"column":28},"end":{"line":12,"column":32}}],"line":12}},"s":{"0":3,"1":3,"2":3,"3":3,"4":3},"f":{},"b":{"0":[3,3]},"_coverageSchema":"1a1c01bbd47fc00a2c39e90264f33305004495a9","hash":"f5f9843181955af50992fe18d643c94b99e3b4a3"}
,"/home/gabriel/Projects/semana-js-expert-spotify/server/controller.js": {"path":"/home/gabriel/Projects/semana-js-expert-spotify/server/controller.js","statementMap":{"0":{"start":{"line":6,"column":4},"end":{"line":6,"column":33}},"1":{"start":{"line":10,"column":4},"end":{"line":10,"column":48}},"2":{"start":{"line":13,"column":4},"end":{"line":13,"column":48}},"3":{"start":{"line":15,"column":19},"end":{"line":17,"column":5}},"4":{"start":{"line":18,"column":16},"end":{"line":18,"column":37}},"5":{"start":{"line":20,"column":4},"end":{"line":23,"column":5}},"6":{"start":{"line":21,"column":6},"end":{"line":21,"column":37}},"7":{"start":{"line":22,"column":6},"end":{"line":22,"column":20}},"8":{"start":{"line":25,"column":4},"end":{"line":28,"column":5}},"9":{"start":{"line":26,"column":6},"end":{"line":26,"column":36}},"10":{"start":{"line":27,"column":6},"end":{"line":27,"column":20}},"11":{"start":{"line":30,"column":21},"end":{"line":30,"column":57}},"12":{"start":{"line":32,"column":4},"end":{"line":32,"column":52}},"13":{"start":{"line":33,"column":4},"end":{"line":33,"column":42}},"14":{"start":{"line":35,"column":4},"end":{"line":35,"column":18}},"15":{"start":{"line":39,"column":33},"end":{"line":39,"column":66}},"16":{"start":{"line":41,"column":20},"end":{"line":44,"column":5}},"17":{"start":{"line":42,"column":6},"end":{"line":42,"column":49}},"18":{"start":{"line":43,"column":6},"end":{"line":43,"column":42}},"19":{"start":{"line":46,"column":4},"end":{"line":49,"column":5}}},"fnMap":{"0":{"name":"(anonymous_0)","decl":{"start":{"line":5,"column":2},"end":{"line":5,"column":3}},"loc":{"start":{"line":5,"column":16},"end":{"line":7,"column":3}},"line":5},"1":{"name":"(anonymous_1)","decl":{"start":{"line":9,"column":2},"end":{"line":9,"column":3}},"loc":{"start":{"line":9,"column":32},"end":{"line":11,"column":3}},"line":9},"2":{"name":"(anonymous_2)","decl":{"start":{"line":12,"column":2},"end":{"line":12,"column":3}},"loc":{"start":{"line":12,"column":35},"end":{"line":36,"column":3}},"line":12},"3":{"name":"(anonymous_3)","decl":{"start":{"line":38,"column":2},"end":{"line":38,"column":3}},"loc":{"start":{"line":38,"column":23},"end":{"line":50,"column":3}},"line":38},"4":{"name":"(anonymous_4)","decl":{"start":{"line":41,"column":20},"end":{"line":41,"column":21}},"loc":{"start":{"line":41,"column":26},"end":{"line":44,"column":5}},"line":41}},"branchMap":{"0":{"loc":{"start":{"line":20,"column":4},"end":{"line":23,"column":5}},"type":"if","locations":[{"start":{"line":20,"column":4},"end":{"line":23,"column":5}},{"start":{},"end":{}}],"line":20},"1":{"loc":{"start":{"line":25,"column":4},"end":{"line":28,"column":5}},"type":"if","locations":[{"start":{"line":25,"column":4},"end":{"line":28,"column":5}},{"start":{},"end":{}}],"line":25}},"s":{"0":6,"1":1,"2":3,"3":3,"4":3,"5":3,"6":1,"7":1,"8":2,"9":1,"10":1,"11":1,"12":1,"13":1,"14":1,"15":1,"16":1,"17":1,"18":1,"19":1},"f":{"0":6,"1":1,"2":3,"3":1,"4":1},"b":{"0":[1,2],"1":[1,1]},"_coverageSchema":"1a1c01bbd47fc00a2c39e90264f33305004495a9","hash":"1081b9994a0dcdc022d823b83993cecaa01e8163"}
,"/home/gabriel/Projects/semana-js-expert-spotify/server/routes.js": {"path":"/home/gabriel/Projects/semana-js-expert-spotify/server/routes.js","statementMap":{"0":{"start":{"line":15,"column":4},"end":{"line":15,"column":10}},"1":{"start":{"line":17,"column":19},"end":{"line":17,"column":35}},"2":{"start":{"line":20,"column":26},"end":{"line":20,"column":33}},"3":{"start":{"line":22,"column":2},"end":{"line":28,"column":3}},"4":{"start":{"line":23,"column":4},"end":{"line":25,"column":7}},"5":{"start":{"line":27,"column":4},"end":{"line":27,"column":26}},"6":{"start":{"line":30,"column":2},"end":{"line":38,"column":3}},"7":{"start":{"line":31,"column":29},"end":{"line":31,"column":69}},"8":{"start":{"line":33,"column":4},"end":{"line":35,"column":7}},"9":{"start":{"line":37,"column":4},"end":{"line":37,"column":33}},"10":{"start":{"line":40,"column":2},"end":{"line":48,"column":3}},"11":{"start":{"line":41,"column":29},"end":{"line":41,"column":75}},"12":{"start":{"line":43,"column":4},"end":{"line":45,"column":7}},"13":{"start":{"line":47,"column":4},"end":{"line":47,"column":33}},"14":{"start":{"line":50,"column":2},"end":{"line":56,"column":3}},"15":{"start":{"line":51,"column":17},"end":{"line":51,"column":44}},"16":{"start":{"line":52,"column":17},"end":{"line":52,"column":33}},"17":{"start":{"line":53,"column":19},"end":{"line":53,"column":55}},"18":{"start":{"line":55,"column":4},"end":{"line":55,"column":48}},"19":{"start":{"line":58,"column":2},"end":{"line":68,"column":3}},"20":{"start":{"line":59,"column":32},"end":{"line":59,"column":63}},"21":{"start":{"line":61,"column":4},"end":{"line":61,"column":35}},"22":{"start":{"line":62,"column":4},"end":{"line":65,"column":7}},"23":{"start":{"line":67,"column":4},"end":{"line":67,"column":33}},"24":{"start":{"line":70,"column":2},"end":{"line":82,"column":3}},"25":{"start":{"line":71,"column":29},"end":{"line":71,"column":64}},"26":{"start":{"line":73,"column":24},"end":{"line":73,"column":42}},"27":{"start":{"line":75,"column":4},"end":{"line":79,"column":5}},"28":{"start":{"line":76,"column":6},"end":{"line":78,"column":8}},"29":{"start":{"line":81,"column":4},"end":{"line":81,"column":33}},"30":{"start":{"line":84,"column":2},"end":{"line":84,"column":26}},"31":{"start":{"line":86,"column":2},"end":{"line":86,"column":24}},"32":{"start":{"line":91,"column":2},"end":{"line":97,"column":3}},"33":{"start":{"line":92,"column":4},"end":{"line":92,"column":51}},"34":{"start":{"line":94,"column":4},"end":{"line":94,"column":28}},"35":{"start":{"line":96,"column":4},"end":{"line":96,"column":26}},"36":{"start":{"line":99,"column":2},"end":{"line":99,"column":54}},"37":{"start":{"line":101,"column":2},"end":{"line":101,"column":26}},"38":{"start":{"line":103,"column":2},"end":{"line":103,"column":24}},"39":{"start":{"line":107,"column":2},"end":{"line":108,"column":50}},"40":{"start":{"line":108,"column":20},"end":{"line":108,"column":48}}},"fnMap":{"0":{"name":"routes","decl":{"start":{"line":19,"column":15},"end":{"line":19,"column":21}},"loc":{"start":{"line":19,"column":41},"end":{"line":87,"column":1}},"line":19},"1":{"name":"handleError","decl":{"start":{"line":89,"column":9},"end":{"line":89,"column":20}},"loc":{"start":{"line":89,"column":38},"end":{"line":104,"column":1}},"line":89},"2":{"name":"handler","decl":{"start":{"line":106,"column":16},"end":{"line":106,"column":23}},"loc":{"start":{"line":106,"column":43},"end":{"line":109,"column":1}},"line":106},"3":{"name":"(anonymous_3)","decl":{"start":{"line":108,"column":11},"end":{"line":108,"column":12}},"loc":{"start":{"line":108,"column":20},"end":{"line":108,"column":48}},"line":108}},"branchMap":{"0":{"loc":{"start":{"line":22,"column":2},"end":{"line":28,"column":3}},"type":"if","locations":[{"start":{"line":22,"column":2},"end":{"line":28,"column":3}},{"start":{},"end":{}}],"line":22},"1":{"loc":{"start":{"line":22,"column":6},"end":{"line":22,"column":37}},"type":"binary-expr","locations":[{"start":{"line":22,"column":6},"end":{"line":22,"column":22}},{"start":{"line":22,"column":26},"end":{"line":22,"column":37}}],"line":22},"2":{"loc":{"start":{"line":30,"column":2},"end":{"line":38,"column":3}},"type":"if","locations":[{"start":{"line":30,"column":2},"end":{"line":38,"column":3}},{"start":{},"end":{}}],"line":30},"3":{"loc":{"start":{"line":30,"column":6},"end":{"line":30,"column":41}},"type":"binary-expr","locations":[{"start":{"line":30,"column":6},"end":{"line":30,"column":22}},{"start":{"line":30,"column":26},"end":{"line":30,"column":41}}],"line":30},"4":{"loc":{"start":{"line":40,"column":2},"end":{"line":48,"column":3}},"type":"if","locations":[{"start":{"line":40,"column":2},"end":{"line":48,"column":3}},{"start":{},"end":{}}],"line":40},"5":{"loc":{"start":{"line":40,"column":6},"end":{"line":40,"column":47}},"type":"binary-expr","locations":[{"start":{"line":40,"column":6},"end":{"line":40,"column":22}},{"start":{"line":40,"column":26},"end":{"line":40,"column":47}}],"line":40},"6":{"loc":{"start":{"line":50,"column":2},"end":{"line":56,"column":3}},"type":"if","locations":[{"start":{"line":50,"column":2},"end":{"line":56,"column":3}},{"start":{},"end":{}}],"line":50},"7":{"loc":{"start":{"line":50,"column":5},"end":{"line":50,"column":47}},"type":"binary-expr","locations":[{"start":{"line":50,"column":5},"end":{"line":50,"column":22}},{"start":{"line":50,"column":26},"end":{"line":50,"column":47}}],"line":50},"8":{"loc":{"start":{"line":58,"column":2},"end":{"line":68,"column":3}},"type":"if","locations":[{"start":{"line":58,"column":2},"end":{"line":68,"column":3}},{"start":{},"end":{}}],"line":58},"9":{"loc":{"start":{"line":58,"column":6},"end":{"line":58,"column":49}},"type":"binary-expr","locations":[{"start":{"line":58,"column":6},"end":{"line":58,"column":22}},{"start":{"line":58,"column":26},"end":{"line":58,"column":49}}],"line":58},"10":{"loc":{"start":{"line":70,"column":2},"end":{"line":82,"column":3}},"type":"if","locations":[{"start":{"line":70,"column":2},"end":{"line":82,"column":3}},{"start":{},"end":{}}],"line":70},"11":{"loc":{"start":{"line":75,"column":4},"end":{"line":79,"column":5}},"type":"if","locations":[{"start":{"line":75,"column":4},"end":{"line":79,"column":5}},{"start":{},"end":{}}],"line":75},"12":{"loc":{"start":{"line":91,"column":2},"end":{"line":97,"column":3}},"type":"if","locations":[{"start":{"line":91,"column":2},"end":{"line":97,"column":3}},{"start":{},"end":{}}],"line":91}},"s":{"0":1,"1":1,"2":10,"3":10,"4":1,"5":1,"6":9,"7":1,"8":1,"9":1,"10":8,"11":1,"12":1,"13":1,"14":7,"15":1,"16":1,"17":1,"18":1,"19":6,"20":1,"21":1,"22":1,"23":1,"24":5,"25":4,"26":2,"27":2,"28":1,"29":2,"30":1,"31":1,"32":2,"33":1,"34":1,"35":1,"36":1,"37":1,"38":1,"39":10,"40":2},"f":{"0":10,"1":2,"2":10,"3":2},"b":{"0":[1,9],"1":[10,8],"2":[1,8],"3":[9,7],"4":[1,7],"5":[8,6],"6":[1,6],"7":[7,2],"8":[1,5],"9":[6,5],"10":[4,1],"11":[1,1],"12":[1,1]},"_coverageSchema":"1a1c01bbd47fc00a2c39e90264f33305004495a9","hash":"c1d18de254e5448de36450aae475988318474bcf"}
,"/home/gabriel/Projects/semana-js-expert-spotify/server/service.js": {"path":"/home/gabriel/Projects/semana-js-expert-spotify/server/service.js","statementMap":{"0":{"start":{"line":27,"column":4},"end":{"line":27,"column":10}},"1":{"start":{"line":31,"column":4},"end":{"line":31,"column":35}},"2":{"start":{"line":32,"column":4},"end":{"line":32,"column":43}},"3":{"start":{"line":33,"column":4},"end":{"line":33,"column":28}},"4":{"start":{"line":34,"column":4},"end":{"line":34,"column":32}},"5":{"start":{"line":35,"column":4},"end":{"line":35,"column":30}},"6":{"start":{"line":39,"column":15},"end":{"line":39,"column":27}},"7":{"start":{"line":40,"column":25},"end":{"line":40,"column":42}},"8":{"start":{"line":42,"column":4},"end":{"line":42,"column":45}},"9":{"start":{"line":44,"column":4},"end":{"line":47,"column":5}},"10":{"start":{"line":51,"column":4},"end":{"line":51,"column":34}},"11":{"start":{"line":55,"column":4},"end":{"line":55,"column":43}},"12":{"start":{"line":59,"column":4},"end":{"line":90,"column":5}},"13":{"start":{"line":60,"column":19},"end":{"line":64,"column":7}},"14":{"start":{"line":69,"column":10},"end":{"line":69,"column":39}},"15":{"start":{"line":71,"column":6},"end":{"line":74,"column":9}},"16":{"start":{"line":76,"column":31},"end":{"line":76,"column":76}},"17":{"start":{"line":76,"column":62},"end":{"line":76,"column":75}},"18":{"start":{"line":78,"column":6},"end":{"line":80,"column":7}},"19":{"start":{"line":79,"column":8},"end":{"line":79,"column":43}},"20":{"start":{"line":82,"column":6},"end":{"line":85,"column":29}},"21":{"start":{"line":87,"column":6},"end":{"line":87,"column":52}},"22":{"start":{"line":89,"column":6},"end":{"line":89,"column":29}},"23":{"start":{"line":94,"column":4},"end":{"line":107,"column":7}},"24":{"start":{"line":96,"column":8},"end":{"line":103,"column":9}},"25":{"start":{"line":97,"column":10},"end":{"line":100,"column":11}},"26":{"start":{"line":98,"column":12},"end":{"line":98,"column":42}},"27":{"start":{"line":99,"column":12},"end":{"line":99,"column":21}},"28":{"start":{"line":102,"column":10},"end":{"line":102,"column":30}},"29":{"start":{"line":105,"column":8},"end":{"line":105,"column":13}},"30":{"start":{"line":111,"column":4},"end":{"line":111,"column":53}},"31":{"start":{"line":113,"column":20},"end":{"line":113,"column":100}},"32":{"start":{"line":114,"column":30},"end":{"line":114,"column":76}},"33":{"start":{"line":115,"column":25},"end":{"line":115,"column":87}},"34":{"start":{"line":117,"column":4},"end":{"line":121,"column":6}},"35":{"start":{"line":125,"column":4},"end":{"line":125,"column":36}},"36":{"start":{"line":129,"column":4},"end":{"line":129,"column":41}},"37":{"start":{"line":133,"column":25},"end":{"line":133,"column":52}},"38":{"start":{"line":134,"column":4},"end":{"line":134,"column":42}},"39":{"start":{"line":136,"column":21},"end":{"line":136,"column":42}},"40":{"start":{"line":138,"column":4},"end":{"line":141,"column":5}},"41":{"start":{"line":145,"column":27},"end":{"line":145,"column":55}},"42":{"start":{"line":146,"column":4},"end":{"line":149,"column":5}},"43":{"start":{"line":153,"column":18},"end":{"line":153,"column":55}},"44":{"start":{"line":154,"column":23},"end":{"line":154,"column":86}},"45":{"start":{"line":154,"column":46},"end":{"line":154,"column":85}},"46":{"start":{"line":155,"column":4},"end":{"line":155,"column":78}},"47":{"start":{"line":155,"column":21},"end":{"line":155,"column":78}},"48":{"start":{"line":157,"column":4},"end":{"line":157,"column":46}},"49":{"start":{"line":161,"column":34},"end":{"line":161,"column":67}},"50":{"start":{"line":162,"column":4},"end":{"line":165,"column":5}},"51":{"start":{"line":167,"column":19},"end":{"line":179,"column":5}},"52":{"start":{"line":168,"column":30},"end":{"line":168,"column":78}},"53":{"start":{"line":170,"column":6},"end":{"line":170,"column":52}},"54":{"start":{"line":171,"column":6},"end":{"line":171,"column":44}},"55":{"start":{"line":172,"column":6},"end":{"line":172,"column":59}},"56":{"start":{"line":174,"column":6},"end":{"line":177,"column":7}},"57":{"start":{"line":180,"column":4},"end":{"line":180,"column":47}},"58":{"start":{"line":181,"column":4},"end":{"line":181,"column":34}},"59":{"start":{"line":182,"column":4},"end":{"line":182,"column":55}},"60":{"start":{"line":187,"column":28},"end":{"line":187,"column":41}},"61":{"start":{"line":188,"column":17},"end":{"line":198,"column":5}},"62":{"start":{"line":200,"column":30},"end":{"line":200,"column":59}},"63":{"start":{"line":202,"column":4},"end":{"line":202,"column":46}},"64":{"start":{"line":203,"column":4},"end":{"line":203,"column":54}},"65":{"start":{"line":205,"column":4},"end":{"line":205,"column":27}}},"fnMap":{"0":{"name":"(anonymous_0)","decl":{"start":{"line":30,"column":2},"end":{"line":30,"column":3}},"loc":{"start":{"line":30,"column":16},"end":{"line":36,"column":3}},"line":30},"1":{"name":"(anonymous_1)","decl":{"start":{"line":38,"column":2},"end":{"line":38,"column":3}},"loc":{"start":{"line":38,"column":23},"end":{"line":48,"column":3}},"line":38},"2":{"name":"(anonymous_2)","decl":{"start":{"line":50,"column":2},"end":{"line":50,"column":3}},"loc":{"start":{"line":50,"column":25},"end":{"line":52,"column":3}},"line":50},"3":{"name":"(anonymous_3)","decl":{"start":{"line":54,"column":2},"end":{"line":54,"column":3}},"loc":{"start":{"line":54,"column":27},"end":{"line":56,"column":3}},"line":54},"4":{"name":"(anonymous_4)","decl":{"start":{"line":58,"column":2},"end":{"line":58,"column":3}},"loc":{"start":{"line":58,"column":25},"end":{"line":91,"column":3}},"line":58},"5":{"name":"(anonymous_5)","decl":{"start":{"line":76,"column":52},"end":{"line":76,"column":53}},"loc":{"start":{"line":76,"column":62},"end":{"line":76,"column":75}},"line":76},"6":{"name":"(anonymous_6)","decl":{"start":{"line":93,"column":2},"end":{"line":93,"column":3}},"loc":{"start":{"line":93,"column":14},"end":{"line":108,"column":3}},"line":93},"7":{"name":"(anonymous_7)","decl":{"start":{"line":95,"column":13},"end":{"line":95,"column":14}},"loc":{"start":{"line":95,"column":33},"end":{"line":106,"column":7}},"line":95},"8":{"name":"(anonymous_8)","decl":{"start":{"line":110,"column":2},"end":{"line":110,"column":3}},"loc":{"start":{"line":110,"column":26},"end":{"line":122,"column":3}},"line":110},"9":{"name":"(anonymous_9)","decl":{"start":{"line":124,"column":2},"end":{"line":124,"column":3}},"loc":{"start":{"line":124,"column":19},"end":{"line":126,"column":3}},"line":124},"10":{"name":"(anonymous_10)","decl":{"start":{"line":128,"column":2},"end":{"line":128,"column":3}},"loc":{"start":{"line":128,"column":29},"end":{"line":130,"column":3}},"line":128},"11":{"name":"(anonymous_11)","decl":{"start":{"line":132,"column":2},"end":{"line":132,"column":3}},"loc":{"start":{"line":132,"column":26},"end":{"line":142,"column":3}},"line":132},"12":{"name":"(anonymous_12)","decl":{"start":{"line":144,"column":2},"end":{"line":144,"column":3}},"loc":{"start":{"line":144,"column":28},"end":{"line":150,"column":3}},"line":144},"13":{"name":"(anonymous_13)","decl":{"start":{"line":152,"column":2},"end":{"line":152,"column":3}},"loc":{"start":{"line":152,"column":29},"end":{"line":158,"column":3}},"line":152},"14":{"name":"(anonymous_14)","decl":{"start":{"line":154,"column":34},"end":{"line":154,"column":35}},"loc":{"start":{"line":154,"column":46},"end":{"line":154,"column":85}},"line":154},"15":{"name":"(anonymous_15)","decl":{"start":{"line":160,"column":2},"end":{"line":160,"column":3}},"loc":{"start":{"line":160,"column":21},"end":{"line":183,"column":3}},"line":160},"16":{"name":"(anonymous_16)","decl":{"start":{"line":167,"column":19},"end":{"line":167,"column":20}},"loc":{"start":{"line":167,"column":25},"end":{"line":179,"column":5}},"line":167},"17":{"name":"(anonymous_17)","decl":{"start":{"line":186,"column":2},"end":{"line":186,"column":3}},"loc":{"start":{"line":186,"column":36},"end":{"line":206,"column":3}},"line":186}},"branchMap":{"0":{"loc":{"start":{"line":78,"column":6},"end":{"line":80,"column":7}},"type":"if","locations":[{"start":{"line":78,"column":6},"end":{"line":80,"column":7}},{"start":{},"end":{}}],"line":78},"1":{"loc":{"start":{"line":97,"column":10},"end":{"line":100,"column":11}},"type":"if","locations":[{"start":{"line":97,"column":10},"end":{"line":100,"column":11}},{"start":{},"end":{}}],"line":97},"2":{"loc":{"start":{"line":155,"column":4},"end":{"line":155,"column":78}},"type":"if","locations":[{"start":{"line":155,"column":4},"end":{"line":155,"column":78}},{"start":{},"end":{}}],"line":155}},"s":{"0":3,"1":22,"2":22,"3":22,"4":22,"5":22,"6":1,"7":1,"8":1,"9":1,"10":1,"11":1,"12":2,"13":2,"14":2,"15":2,"16":2,"17":4,"18":2,"19":1,"20":1,"21":1,"22":1,"23":1,"24":1,"25":2,"26":1,"27":1,"28":1,"29":1,"30":1,"31":1,"32":1,"33":1,"34":1,"35":2,"36":2,"37":1,"38":1,"39":1,"40":1,"41":1,"42":1,"43":2,"44":2,"45":1,"46":2,"47":1,"48":1,"49":1,"50":1,"51":1,"52":1,"53":1,"54":1,"55":1,"56":1,"57":1,"58":1,"59":1,"60":1,"61":1,"62":1,"63":1,"64":1,"65":1},"f":{"0":22,"1":1,"2":1,"3":1,"4":2,"5":4,"6":1,"7":1,"8":1,"9":2,"10":2,"11":1,"12":1,"13":2,"14":1,"15":1,"16":1,"17":1},"b":{"0":[1,1],"1":[1,1],"2":[1,1]},"_coverageSchema":"1a1c01bbd47fc00a2c39e90264f33305004495a9","hash":"f8b68d8d6dad8b9c152ac02f0f0a725776e6e2aa"}
,"/home/gabriel/Projects/semana-js-expert-spotify/server/utils.js": {"path":"/home/gabriel/Projects/semana-js-expert-spotify/server/utils.js","statementMap":{"0":{"start":{"line":3,"column":12},"end":{"line":11,"column":2}},"1":{"start":{"line":13,"column":22},"end":{"line":13,"column":25}}},"fnMap":{},"branchMap":{},"s":{"0":3,"1":3},"f":{},"b":{},"_coverageSchema":"1a1c01bbd47fc00a2c39e90264f33305004495a9","hash":"12fc3ae73791b0d8cc1989a8272921ba9bcbdebb"}
,"/home/gabriel/Projects/semana-js-expert-spotify/tests/unit/_util/testUtil.js": {"path":"/home/gabriel/Projects/semana-js-expert-spotify/tests/unit/_util/testUtil.js","statementMap":{"0":{"start":{"line":12,"column":4},"end":{"line":20,"column":6}},"1":{"start":{"line":14,"column":8},"end":{"line":16,"column":9}},"2":{"start":{"line":15,"column":10},"end":{"line":15,"column":25}},"3":{"start":{"line":18,"column":8},"end":{"line":18,"column":23}},"4":{"start":{"line":24,"column":4},"end":{"line":30,"column":6}},"5":{"start":{"line":26,"column":8},"end":{"line":26,"column":23}},"6":{"start":{"line":28,"column":8},"end":{"line":28,"column":23}},"7":{"start":{"line":34,"column":26},"end":{"line":34,"column":81}},"8":{"start":{"line":35,"column":21},"end":{"line":35,"column":54}},"9":{"start":{"line":36,"column":17},"end":{"line":46,"column":5}},"10":{"start":{"line":48,"column":4},"end":{"line":51,"column":5}},"11":{"start":{"line":49,"column":20},"end":{"line":49,"column":39}}},"fnMap":{"0":{"name":"(anonymous_0)","decl":{"start":{"line":11,"column":2},"end":{"line":11,"column":3}},"loc":{"start":{"line":11,"column":38},"end":{"line":21,"column":3}},"line":11},"1":{"name":"(anonymous_1)","decl":{"start":{"line":13,"column":6},"end":{"line":13,"column":7}},"loc":{"start":{"line":13,"column":13},"end":{"line":19,"column":7}},"line":13},"2":{"name":"(anonymous_2)","decl":{"start":{"line":23,"column":2},"end":{"line":23,"column":3}},"loc":{"start":{"line":23,"column":40},"end":{"line":31,"column":3}},"line":23},"3":{"name":"(anonymous_3)","decl":{"start":{"line":25,"column":6},"end":{"line":25,"column":7}},"loc":{"start":{"line":25,"column":28},"end":{"line":29,"column":7}},"line":25},"4":{"name":"(anonymous_4)","decl":{"start":{"line":33,"column":2},"end":{"line":33,"column":3}},"loc":{"start":{"line":33,"column":31},"end":{"line":52,"column":3}},"line":33},"5":{"name":"(anonymous_5)","decl":{"start":{"line":49,"column":14},"end":{"line":49,"column":15}},"loc":{"start":{"line":49,"column":20},"end":{"line":49,"column":39}},"line":49}},"branchMap":{},"s":{"0":30,"1":5,"2":5,"3":5,"4":18,"5":1,"6":1,"7":10,"8":10,"9":10,"10":10,"11":10},"f":{"0":30,"1":5,"2":18,"3":1,"4":10,"5":10},"b":{},"_coverageSchema":"1a1c01bbd47fc00a2c39e90264f33305004495a9","hash":"18e2ac28b8d97d11120ae4fad40a8f959f4648c3"}
}
