TN:
SF:public/controller/js/controller.js
FN:2,(anonymous_0)
FN:7,(anonymous_1)
FN:14,(anonymous_2)
FN:20,(anonymous_3)
FNF:4
FNH:4
FNDA:4,(anonymous_0)
FNDA:1,(anonymous_1)
FNDA:1,(anonymous_2)
FNDA:1,(anonymous_3)
DA:3,4
DA:4,4
DA:8,1
DA:9,1
DA:11,1
DA:15,1
DA:21,1
DA:22,1
LF:8
LH:8
BRF:0
BRH:0
end_of_record
TN:
SF:public/controller/js/service.js
FN:2,(anonymous_0)
FN:6,(anonymous_1)
FNF:2
FNH:2
FNDA:1,(anonymous_0)
FNDA:1,(anonymous_1)
DA:3,1
DA:7,1
DA:12,1
LF:3
LH:3
BRF:0
BRH:0
end_of_record
TN:
SF:server/config.js
FNF:0
FNH:0
DA:4,3
DA:5,3
DA:7,3
DA:8,3
DA:9,3
LF:5
LH:5
BRDA:12,0,0,3
BRDA:12,0,1,3
BRF:2
BRH:2
end_of_record
TN:
SF:server/controller.js
FN:5,(anonymous_0)
FN:9,(anonymous_1)
FN:12,(anonymous_2)
FN:38,(anonymous_3)
FN:41,(anonymous_4)
FNF:5
FNH:5
FNDA:6,(anonymous_0)
FNDA:1,(anonymous_1)
FNDA:3,(anonymous_2)
FNDA:1,(anonymous_3)
FNDA:1,(anonymous_4)
DA:6,6
DA:10,1
DA:13,3
DA:15,3
DA:18,3
DA:20,3
DA:21,1
DA:22,1
DA:25,2
DA:26,1
DA:27,1
DA:30,1
DA:32,1
DA:33,1
DA:35,1
DA:39,1
DA:41,1
DA:42,1
DA:43,1
DA:46,1
LF:20
LH:20
BRDA:20,0,0,1
BRDA:20,0,1,2
BRDA:25,1,0,1
BRDA:25,1,1,1
BRF:4
BRH:4
end_of_record
TN:
SF:server/routes.js
FN:19,routes
FN:89,handleError
FN:106,handler
FN:108,(anonymous_3)
FNF:4
FNH:4
FNDA:10,routes
FNDA:2,handleError
FNDA:10,handler
FNDA:2,(anonymous_3)
DA:15,1
DA:17,1
DA:20,10
DA:22,10
DA:23,1
DA:27,1
DA:30,9
DA:31,1
DA:33,1
DA:37,1
DA:40,8
DA:41,1
DA:43,1
DA:47,1
DA:50,7
DA:51,1
DA:52,1
DA:53,1
DA:55,1
DA:58,6
DA:59,1
DA:61,1
DA:62,1
DA:67,1
DA:70,5
DA:71,4
DA:73,2
DA:75,2
DA:76,1
DA:81,2
DA:84,1
DA:86,1
DA:91,2
DA:92,1
DA:94,1
DA:96,1
DA:99,1
DA:101,1
DA:103,1
DA:107,10
DA:108,2
LF:41
LH:41
BRDA:22,0,0,1
BRDA:22,0,1,9
BRDA:22,1,0,10
BRDA:22,1,1,8
BRDA:30,2,0,1
BRDA:30,2,1,8
BRDA:30,3,0,9
BRDA:30,3,1,7
BRDA:40,4,0,1
BRDA:40,4,1,7
BRDA:40,5,0,8
BRDA:40,5,1,6
BRDA:50,6,0,1
BRDA:50,6,1,6
BRDA:50,7,0,7
BRDA:50,7,1,2
BRDA:58,8,0,1
BRDA:58,8,1,5
BRDA:58,9,0,6
BRDA:58,9,1,5
BRDA:70,10,0,4
BRDA:70,10,1,1
BRDA:75,11,0,1
BRDA:75,11,1,1
BRDA:91,12,0,1
BRDA:91,12,1,1
BRF:26
BRH:26
end_of_record
TN:
SF:server/service.js
FN:30,(anonymous_0)
FN:38,(anonymous_1)
FN:50,(anonymous_2)
FN:54,(anonymous_3)
FN:58,(anonymous_4)
FN:76,(anonymous_5)
FN:93,(anonymous_6)
FN:95,(anonymous_7)
FN:110,(anonymous_8)
FN:124,(anonymous_9)
FN:128,(anonymous_10)
FN:132,(anonymous_11)
FN:144,(anonymous_12)
FN:152,(anonymous_13)
FN:154,(anonymous_14)
FN:160,(anonymous_15)
FN:167,(anonymous_16)
FN:186,(anonymous_17)
FNF:18
FNH:18
FNDA:22,(anonymous_0)
FNDA:1,(anonymous_1)
FNDA:1,(anonymous_2)
FNDA:1,(anonymous_3)
FNDA:2,(anonymous_4)
FNDA:4,(anonymous_5)
FNDA:1,(anonymous_6)
FNDA:1,(anonymous_7)
FNDA:1,(anonymous_8)
FNDA:2,(anonymous_9)
FNDA:2,(anonymous_10)
FNDA:1,(anonymous_11)
FNDA:1,(anonymous_12)
FNDA:2,(anonymous_13)
FNDA:1,(anonymous_14)
FNDA:1,(anonymous_15)
FNDA:1,(anonymous_16)
FNDA:1,(anonymous_17)
DA:27,3
DA:31,22
DA:32,22
DA:33,22
DA:34,22
DA:35,22
DA:39,1
DA:40,1
DA:42,1
DA:44,1
DA:51,1
DA:55,1
DA:59,2
DA:60,2
DA:69,2
DA:71,2
DA:76,4
DA:78,2
DA:79,1
DA:82,1
DA:87,1
DA:89,1
DA:94,1
DA:96,1
DA:97,2
DA:98,1
DA:99,1
DA:102,1
DA:105,1
DA:111,1
DA:113,1
DA:114,1
DA:115,1
DA:117,1
DA:125,2
DA:129,2
DA:133,1
DA:134,1
DA:136,1
DA:138,1
DA:145,1
DA:146,1
DA:153,2
DA:154,2
DA:155,2
DA:157,1
DA:161,1
DA:162,1
DA:167,1
DA:168,1
DA:170,1
DA:171,1
DA:172,1
DA:174,1
DA:180,1
DA:181,1
DA:182,1
DA:187,1
DA:188,1
DA:200,1
DA:202,1
DA:203,1
DA:205,1
LF:63
LH:63
BRDA:78,0,0,1
BRDA:78,0,1,1
BRDA:97,1,0,1
BRDA:97,1,1,1
BRDA:155,2,0,1
BRDA:155,2,1,1
BRF:6
BRH:6
end_of_record
TN:
SF:server/utils.js
FNF:0
FNH:0
DA:3,3
DA:13,3
LF:2
LH:2
BRF:0
BRH:0
end_of_record
TN:
SF:tests/unit/_util/testUtil.js
FN:11,(anonymous_0)
FN:13,(anonymous_1)
FN:23,(anonymous_2)
FN:25,(anonymous_3)
FN:33,(anonymous_4)
FN:49,(anonymous_5)
FNF:6
FNH:6
FNDA:30,(anonymous_0)
FNDA:5,(anonymous_1)
FNDA:18,(anonymous_2)
FNDA:1,(anonymous_3)
FNDA:10,(anonymous_4)
FNDA:10,(anonymous_5)
DA:12,30
DA:14,5
DA:15,5
DA:18,5
DA:24,18
DA:26,1
DA:28,1
DA:34,10
DA:35,10
DA:36,10
DA:48,10
DA:49,10
LF:12
LH:12
BRF:0
BRH:0
end_of_record
