TN:
SF:server/config.js
FNF:0
FNH:0
DA:4,3
DA:5,3
DA:7,3
DA:8,3
DA:9,3
LF:5
LH:5
BRDA:12,0,0,3
BRDA:12,0,1,3
BRF:2
BRH:2
end_of_record
TN:
SF:server/controller.js
FN:5,(anonymous_0)
FN:9,(anonymous_1)
FN:12,(anonymous_2)
FN:31,(anonymous_3)
FN:34,(anonymous_4)
FNF:5
FNH:2
FNDA:3,(anonymous_0)
FNDA:1,(anonymous_1)
FNDA:0,(anonymous_2)
FNDA:0,(anonymous_3)
FNDA:0,(anonymous_4)
DA:6,3
DA:10,1
DA:13,0
DA:15,0
DA:18,0
DA:20,0
DA:21,0
DA:22,0
DA:25,0
DA:26,0
DA:27,0
DA:32,0
DA:34,0
DA:35,0
DA:36,0
DA:39,0
LF:16
LH:2
BRDA:20,0,0,0
BRDA:20,0,1,0
BRDA:25,1,0,0
BRDA:25,1,1,0
BRF:4
BRH:0
end_of_record
TN:
SF:server/routes.js
FN:18,routes
FN:68,handleError
FN:85,handler
FN:87,(anonymous_3)
FNF:4
FNH:4
FNDA:16,routes
FNDA:4,handleError
FNDA:16,handler
FNDA:4,(anonymous_3)
DA:14,2
DA:16,2
DA:19,16
DA:21,16
DA:22,2
DA:26,2
DA:29,14
DA:30,2
DA:32,2
DA:36,2
DA:39,12
DA:40,2
DA:42,2
DA:46,2
DA:49,10
DA:50,8
DA:52,4
DA:54,4
DA:55,2
DA:60,4
DA:63,2
DA:65,2
DA:70,4
DA:71,2
DA:73,2
DA:75,2
DA:78,2
DA:80,2
DA:82,2
DA:86,16
DA:87,4
LF:31
LH:31
BRDA:21,0,0,2
BRDA:21,0,1,14
BRDA:21,1,0,16
BRDA:21,1,1,14
BRDA:29,2,0,2
BRDA:29,2,1,12
BRDA:29,3,0,14
BRDA:29,3,1,12
BRDA:39,4,0,2
BRDA:39,4,1,10
BRDA:39,5,0,12
BRDA:39,5,1,10
BRDA:49,6,0,8
BRDA:49,6,1,2
BRDA:54,7,0,2
BRDA:54,7,1,2
BRDA:70,8,0,2
BRDA:70,8,1,2
BRF:18
BRH:18
end_of_record
TN:
SF:server/service.js
FN:25,(anonymous_0)
FN:33,(anonymous_1)
FN:45,(anonymous_2)
FN:49,(anonymous_3)
FN:53,(anonymous_4)
FN:71,(anonymous_5)
FN:88,(anonymous_6)
FN:90,(anonymous_7)
FN:105,(anonymous_8)
FN:119,(anonymous_9)
FN:123,(anonymous_10)
FN:127,(anonymous_11)
FN:139,(anonymous_12)
FNF:13
FNH:1
FNDA:3,(anonymous_0)
FNDA:0,(anonymous_1)
FNDA:0,(anonymous_2)
FNDA:0,(anonymous_3)
FNDA:0,(anonymous_4)
FNDA:0,(anonymous_5)
FNDA:0,(anonymous_6)
FNDA:0,(anonymous_7)
FNDA:0,(anonymous_8)
FNDA:0,(anonymous_9)
FNDA:0,(anonymous_10)
FNDA:0,(anonymous_11)
FNDA:0,(anonymous_12)
DA:22,3
DA:26,3
DA:27,3
DA:28,3
DA:29,3
DA:30,3
DA:34,0
DA:35,0
DA:37,0
DA:39,0
DA:46,0
DA:50,0
DA:54,0
DA:55,0
DA:64,0
DA:66,0
DA:71,0
DA:73,0
DA:74,0
DA:77,0
DA:82,0
DA:84,0
DA:89,0
DA:91,0
DA:92,0
DA:93,0
DA:94,0
DA:97,0
DA:100,0
DA:106,0
DA:108,0
DA:109,0
DA:110,0
DA:112,0
DA:120,0
DA:124,0
DA:128,0
DA:129,0
DA:131,0
DA:133,0
DA:140,0
DA:141,0
LF:42
LH:6
BRDA:73,0,0,0
BRDA:73,0,1,0
BRDA:92,1,0,0
BRDA:92,1,1,0
BRF:4
BRH:0
end_of_record
TN:
SF:server/utils.js
FNF:0
FNH:0
DA:3,3
DA:13,3
LF:2
LH:2
BRF:0
BRH:0
end_of_record
TN:
SF:tests/unit/_util/testUtil.js
FN:11,(anonymous_0)
FN:13,(anonymous_1)
FN:23,(anonymous_2)
FN:25,(anonymous_3)
FN:33,(anonymous_4)
FN:35,(anonymous_5)
FN:49,(anonymous_6)
FNF:7
FNH:4
FNDA:25,(anonymous_0)
FNDA:0,(anonymous_1)
FNDA:16,(anonymous_2)
FNDA:0,(anonymous_3)
FNDA:16,(anonymous_4)
FNDA:0,(anonymous_5)
FNDA:16,(anonymous_6)
DA:12,25
DA:14,0
DA:15,0
DA:18,0
DA:24,16
DA:26,0
DA:28,0
DA:34,16
DA:35,16
DA:36,16
DA:48,16
DA:49,16
LF:12
LH:7
BRF:0
BRH:0
end_of_record
